<?xml version="1.0" encoding="UTF-8"?>
<!-- Generated by org.testng.reporters.JUnitReportReporter -->
<testsuite hostname="DESKTOP-D4SA1MF" failures="0" tests="1" name="FunctionalTest" time="3.781" errors="0" timestamp="2023-12-17T18:30:23 IST" skipped="0">
  <testcase classname="FunctionalTest" name="testCase1" time="3.781"/>
</testsuite> <!-- FunctionalTest -->
