<?xml version="1.0" encoding="UTF-8"?>
<!-- Generated by org.testng.reporters.JUnitReportReporter -->
<testsuite hostname="DESKTOP-D4SA1MF" failures="0" tests="1" name="com.Amazon.TestCases.RegistrationTest" time="5.793" errors="0" timestamp="2024-02-02T11:19:37 IST" skipped="0">
  <testcase classname="com.Amazon.TestCases.RegistrationTest" name="accountCreation" time="5.793"/>
  <system-out/>
</testsuite> <!-- com.Amazon.TestCases.RegistrationTest -->
