<?xml version="1.0" encoding="UTF-8"?>
<!-- Generated by org.testng.reporters.JUnitReportReporter -->
<testsuite hostname="DESKTOP-D4SA1MF" failures="0" tests="1" name="com.Amazon.TestCases.FunctionalTest" time="4.083" errors="0" timestamp="2024-01-26T09:00:41 IST" skipped="0">
  <testcase classname="com.Amazon.TestCases.FunctionalTest" name="getUrl" time="4.083"/>
  <system-out/>
</testsuite> <!-- com.Amazon.TestCases.FunctionalTest -->
