<?xml version="1.0" encoding="UTF-8"?>
<!-- Generated by org.testng.reporters.JUnitReportReporter -->
<testsuite hostname="DESKTOP-D4SA1MF" failures="0" tests="1" name="com.Amazon.TestCases.StandaloneTest" time="45.020" errors="0" timestamp="2024-02-02T09:33:53 IST" skipped="0">
  <testcase classname="com.Amazon.TestCases.StandaloneTest" name="Amazon" time="45.020"/>
  <system-out/>
</testsuite> <!-- com.Amazon.TestCases.StandaloneTest -->
