<?xml version="1.0" encoding="UTF-8"?>
<!-- Generated by org.testng.reporters.JUnitReportReporter -->
<testsuite hostname="DESKTOP-D4SA1MF" failures="0" tests="1" name="com.Amazon.TestCases.ProductSearchTest" time="14.107" errors="0" timestamp="2024-02-03T10:05:55 IST" skipped="0">
  <testcase classname="com.Amazon.TestCases.ProductSearchTest" name="sigleKeywordSearch1" time="14.107"/>
  <system-out/>
</testsuite> <!-- com.Amazon.TestCases.ProductSearchTest -->
