<?xml version="1.0" encoding="UTF-8"?>
<!-- Generated by org.testng.reporters.JUnitReportReporter -->
<testsuite hostname="DESKTOP-D4SA1MF" failures="0" tests="1" name="com.Amazon.TestCases.ProductSearchTest" time="6.679" errors="0" timestamp="2024-03-19T19:32:57 IST" skipped="0">
  <testcase classname="com.Amazon.TestCases.ProductSearchTest" name="misspelledKeywords" time="6.679"/>
  <system-out/>
</testsuite> <!-- com.Amazon.TestCases.ProductSearchTest -->
