<?xml version="1.0" encoding="UTF-8"?>
<!-- Generated by org.testng.reporters.JUnitReportReporter -->
<testsuite hostname="DESKTOP-D4SA1MF" failures="0" tests="1" name="com.Amazon.TestCases.CartTest" time="25.889" errors="0" timestamp="2024-01-27T21:02:59 IST" skipped="0">
  <testcase classname="com.Amazon.TestCases.CartTest" name="goToCartPage" time="25.889"/>
  <system-out/>
</testsuite> <!-- com.Amazon.TestCases.CartTest -->
