<?xml version="1.0" encoding="UTF-8"?>
<!-- Generated by org.testng.reporters.JUnitReportReporter -->
<testsuite hostname="DESKTOP-D4SA1MF" failures="0" tests="2" name="com.Amazon.TestCases.FunctionalTest" time="13.212" errors="0" timestamp="2024-03-21T19:54:06 IST" skipped="0">
  <testcase classname="com.Amazon.TestCases.FunctionalTest" name="getUrl" time="4.573"/>
  <system-out/>
  <testcase classname="com.Amazon.TestCases.FunctionalTest" name="getSignButton" time="8.639"/>
  <system-out/>
</testsuite> <!-- com.Amazon.TestCases.FunctionalTest -->
