<?xml version="1.0" encoding="UTF-8"?>
<!-- Generated by org.testng.reporters.JUnitReportReporter -->
<testsuite hostname="DESKTOP-D4SA1MF" failures="0" tests="1" name="com.Amazon.TestCases.ProductCatalogTest" time="14.402" errors="0" timestamp="2024-01-27T20:24:43 IST" skipped="0">
  <testcase classname="com.Amazon.TestCases.ProductCatalogTest" name="ProductCatalog" time="14.402"/>
  <system-out/>
</testsuite> <!-- com.Amazon.TestCases.ProductCatalogTest -->
