<?xml version="1.0" encoding="UTF-8"?>
<!-- Generated by org.testng.reporters.JUnitReportReporter -->
<testsuite hostname="DESKTOP-D4SA1MF" failures="0" tests="1" name="com.Amazon.TestCases.ProductCatalog" time="24.648" errors="0" timestamp="2024-01-26T19:14:48 IST" skipped="0">
  <testcase classname="com.Amazon.TestCases.ProductCatalog" name="catalog" time="24.648"/>
  <system-out/>
</testsuite> <!-- com.Amazon.TestCases.ProductCatalog -->
