<?xml version="1.0" encoding="UTF-8"?>
<!-- Generated by org.testng.reporters.JUnitReportReporter -->
<testsuite hostname="DESKTOP-D4SA1MF" failures="0" tests="1" name="com.Amazon.TestCases.ProductSearchTest" time="4.483" errors="0" timestamp="2024-03-14T11:41:56 IST" skipped="0">
  <testcase classname="com.Amazon.TestCases.ProductSearchTest" name="insensitivitySearch" time="4.483"/>
  <system-out/>
</testsuite> <!-- com.Amazon.TestCases.ProductSearchTest -->
