<?xml version="1.0" encoding="UTF-8"?>
<!-- Generated by org.testng.reporters.JUnitReportReporter -->
<testsuite hostname="DESKTOP-D4SA1MF" failures="0" tests="1" name="com.Amazon.TestCases.Demo" time="29.257" errors="0" timestamp="2024-02-01T20:04:18 IST" skipped="0">
  <testcase classname="com.Amazon.TestCases.Demo" name="loginApplication1" time="29.257"/>
  <system-out/>
</testsuite> <!-- com.Amazon.TestCases.Demo -->
