<?xml version="1.0" encoding="UTF-8"?>
<!-- Generated by org.testng.reporters.JUnitReportReporter -->
<testsuite hostname="DESKTOP-2QV8MI9" failures="0" tests="1" name="com.Amazon.TestCases.FunctionalTest" time="9.918" errors="0" timestamp="2024-08-20T15:40:53 IST" skipped="0">
  <testcase classname="com.Amazon.TestCases.FunctionalTest" name="getUrl" time="9.918"/>
  <system-out/>
</testsuite> <!-- com.Amazon.TestCases.FunctionalTest -->
