<?xml version="1.0" encoding="UTF-8"?>
<!-- Generated by org.testng.reporters.JUnitReportReporter -->
<testsuite hostname="DESKTOP-D4SA1MF" failures="0" tests="1" name="com.Amazon.TestCases.LoginTest" time="14.051" errors="0" timestamp="2024-02-01T19:40:39 IST" skipped="0">
  <testcase classname="com.Amazon.TestCases.LoginTest" name="loginApplication1" time="14.051"/>
  <system-out/>
</testsuite> <!-- com.Amazon.TestCases.LoginTest -->
