<?xml version="1.0" encoding="UTF-8"?>
<!-- Generated by org.testng.reporters.JUnitReportReporter -->
<testsuite hostname="DESKTOP-D4SA1MF" failures="0" tests="1" name="com.Amazon.TestCases.ProductSearchTest" time="14.622" errors="0" timestamp="2024-01-27T11:17:32 IST" skipped="0">
  <testcase classname="com.Amazon.TestCases.ProductSearchTest" name="productSearch" time="14.622"/>
  <system-out/>
</testsuite> <!-- com.Amazon.TestCases.ProductSearchTest -->
