<?xml version="1.0" encoding="UTF-8"?>
<!-- Generated by org.testng.reporters.JUnitReportReporter -->
<testsuite hostname="DESKTOP-D4SA1MF" failures="0" tests="1" name="com.Amazon.TestCases.Demo" time="26.351" errors="0" timestamp="2024-01-28T12:50:02 IST" skipped="0">
  <testcase classname="com.Amazon.TestCases.Demo" name="check" time="26.351"/>
  <system-out/>
</testsuite> <!-- com.Amazon.TestCases.Demo -->
