<?xml version="1.0" encoding="UTF-8"?>
<!-- Generated by org.testng.reporters.JUnitReportReporter -->
<testsuite hostname="DESKTOP-D4SA1MF" failures="0" tests="1" name="com.Amazon.TestCases.RegressionTest" time="5.661" errors="0" timestamp="2023-12-18T11:23:03 IST" skipped="0">
  <testcase classname="com.Amazon.TestCases.RegressionTest" name="missingFieldsErrorMessagesTest" time="5.661"/>
  <system-out/>
</testsuite> <!-- com.Amazon.TestCases.RegressionTest -->
